 
## Total Size      = 0x00033040 = 208960 Bytes
## Start Addr      = 0x90100000
Phytium-Pi#go 0x90100000
## Starting application at 0x90100000 ...
aaaaaaaaaaaaarch = aarch64
platform = aarch64-phytium-pi
target = aarch64-unknown-none-softfloat
smp = 1
build_mode = release
log_level = trace

[ 32.079678 0 axruntime:143] Logging is enabled.
[ 32.085405 0 axruntime:144] Primary CPU 512 started, dtb = 0x1.
[ 32.092523 0 axruntime:146] Found physcial memory regions:
[ 32.099208 0 axruntime:149]   [PA:0x90100000, PA:0x90128000) .text (READ | EXECUTE | RESERVED)
[ 32.109015 0 axruntime:149]   [PA:0x90128000, PA:0x90130000) .rodata (READ | RESERVED)
[ 32.118129 0 axruntime:149]   [PA:0x90130000, PA:0x90134000) .data .tdata .tbss .percpu (READ | WRITE | RESERVED)
[ 32.129586 0 axruntime:149]   [PA:0x90134000, PA:0x90174000) boot stack (READ | WRITE | RESERVED)
[ 32.139655 0 axruntime:149]   [PA:0x90174000, PA:0x9019a000) .bss (READ | WRITE | RESERVED)
[ 32.149203 0 axruntime:149]   [PA:0x0, PA:0x1000) spintable (READ | WRITE | RESERVED)
[ 32.158231 0 axruntime:149]   [PA:0x9019a000, PA:0x9089a000) nocache memory (READ | WRITE | DEVICE)
[ 32.168473 0 axruntime:149]   [PA:0x9089a000, PA:0xff900000) free memory (READ | WRITE | FREE)
[ 32.178282 0 axruntime:149]   [PA:0x2800c000, PA:0x2800d000) mmio (READ | WRITE | DEVICE | RESERVED)
[ 32.188610 0 axruntime:149]   [PA:0x2800d000, PA:0x2800e000) mmio (READ | WRITE | DEVICE | RESERVED)
[ 32.198940 0 axruntime:149]   [PA:0x2800e000, PA:0x2800f000) mmio (READ | WRITE | DEVICE | RESERVED)
[ 32.209269 0 axruntime:149]   [PA:0x2800f000, PA:0x28010000) mmio (READ | WRITE | DEVICE | RESERVED)
[ 32.219598 0 axruntime:149]   [PA:0x30000000, PA:0x38000000) mmio (READ | WRITE | DEVICE | RESERVED)
[ 32.229927 0 axruntime:149]   [PA:0x40000000, PA:0x80000000) mmio (READ | WRITE | DEVICE | RESERVED)
[ 32.240257 0 axruntime:149]   [PA:0x1000000000, PA:0x3000000000) mmio (READ | WRITE | DEVICE | RESERVED)
[ 32.250933 0 axruntime:228] Initialize global memory allocator...
[ 32.258224 0 axruntime:229]   use TLSF allocator.
[ 32.264129 0 axalloc:284] initialize global allocator at: free-[0xffff00009089a000, 0xffff0000ff900000)
[ 32.275040 0 axruntime:163] Initialize kernel page table...
[ 32.281492 0 page_table::bits64:159] map_region(PA:0x908a2000): [VA:0xffff000090100000, VA:0xffff000090128000) -> [PA:0x90100000, PA:0x90128000) MappingFlags(READ | EXECUTE)
[ 32.298160 0 page_table::bits64:159] map_region(PA:0x908a2000): [VA:0xffff000090128000, VA:0xffff000090130000) -> [PA:0x90128000, PA:0x90130000) MappingFlags(READ)
[ 32.313950 0 page_table::bits64:159] map_region(PA:0x908a2000): [VA:0xffff000090130000, VA:0xffff000090134000) -> [PA:0x90130000, PA:0x90134000) MappingFlags(READ | WRITE)
[ 32.330442 0 page_table::bits64:159] map_region(PA:0x908a2000): [VA:0xffff000090134000, VA:0xffff000090174000) -> [PA:0x90134000, PA:0x90174000) MappingFlags(READ | WRITE)
[ 32.346937 0 page_table::bits64:159] map_region(PA:0x908a2000): [VA:0xffff000090174000, VA:0xffff00009019a000) -> [PA:0x90174000, PA:0x9019a000) MappingFlags(READ | WRITE)
[ 32.363428 0 page_table::bits64:159] map_region(PA:0x908a2000): [VA:0xffff000000000000, VA:0xffff000000001000) -> [PA:0x0, PA:0x1000) MappingFlags(READ | WRITE)
[ 32.378965 0 page_table::bits64:159] map_region(PA:0x908a2000): [VA:0x9019a000, VA:0x9089a000) -> [PA:0x9019a000, PA:0x9089a000) MappingFlags(READ | WRITE | DEVICE)
[ 32.394860 0 page_table::bits64:159] map_region(PA:0x908a2000): [VA:0xffff00009089a000, VA:0xffff0000ff900000) -> [PA:0x9089a000, PA:0xff900000) MappingFlags(READ | WRITE)
[ 32.411408 0 page_table::bits64:159] map_region(PA:0x908a2000): [VA:0xffff00002800c000, VA:0xffff00002800d000) -> [PA:0x2800c000, PA:0x2800d000) MappingFlags(READ | WRITE | DEVICE)
[ 32.428613 0 page_table::bits64:159] map_region(PA:0x908a2000): [VA:0xffff00002800d000, VA:0xffff00002800e000) -> [PA:0x2800d000, PA:0x2800e000) MappingFlags(READ | WRITE | DEVICE)
[ 32.445886 0 page_table::bits64:159] map_region(PA:0x908a2000): [VA:0xffff00002800e000, VA:0xffff00002800f000) -> [PA:0x2800e000, PA:0x2800f000) MappingFlags(READ | WRITE | DEVICE)
[ 32.463159 0 page_table::bits64:159] map_region(PA:0x908a2000): [VA:0xffff00002800f000, VA:0xffff000028010000) -> [PA:0x2800f000, PA:0x28010000) MappingFlags(READ | WRITE | DEVICE)
[ 32.480432 0 page_table::bits64:159] map_region(PA:0x908a2000): [VA:0xffff000030000000, VA:0xffff000038000000) -> [PA:0x30000000, PA:0x38000000) MappingFlags(READ | WRITE | DEVICE)
[ 32.497708 0 page_table::bits64:159] map_region(PA:0x908a2000): [VA:0xffff000040000000, VA:0xffff000080000000) -> [PA:0x40000000, PA:0x80000000) MappingFlags(READ | WRITE | DEVICE)
[ 32.514979 0 page_table::bits64:159] map_region(PA:0x908a2000): [VA:0xffff001000000000, VA:0xffff003000000000) -> [PA:0x1000000000, PA:0x3000000000) MappingFlags(READ | WRITE | DEVICE)
[ 32.532604 0 axhal::arch::aarch64:67] set page table root: PA:0x90130000 => PA:0x908a2000
[ 32.541974 0 axruntime:263] Initialize global no cache memory allocator...
[ 32.550047 0 axalloc:300] initialize global allocator at: nocache-[0x9019a000,0x9089a000)
[ 32.559422 0 axruntime:170] Initialize platform devices...
[ 32.566104 0 axhal::platform::aarch64_common::gic:51] Initialize GICv2...
[ 32.574090 0 axhal::platform::aarch64_common::gic:27] GICD set enable: 30 true
[ 32.582509 0 axhal::platform::aarch64_common::gic:27] GICD set enable: 56 true
[ 32.590929 0 axtask::api:66] Initialize scheduling...
[ 32.597182 0 axtask::task:146] new task: Task(1, "idle")
[ 32.603692 0 axtask::task:146] new task: Task(3, "gc")
[ 32.610029 0 axalloc:126] expand heap memory: [0xffff0000908ac000, 0xffff0000908ec000)
[ 32.619146 0 axalloc:126] expand heap memory: [0xffff0000908ec000, 0xffff00009096c000)
[ 32.628256 0 axtask::api:72]   use Round-robin scheduler.
[ 32.634850 0 axruntime:196] Initialize interrupt handlers...
[ 32.641707 0 axhal::platform::aarch64_common::gic:36] register handler irq 30
[ 32.650039 0 axhal::platform::aarch64_common::gic:27] GICD set enable: 30 true
[ 32.658459 0 axruntime:206] Primary CPU 512 init OK.
[ 32.664626 0:2 driver_usb::host::data_structures::host_controllers::xhci:620] [XHCI] Max_slots: 16, max_ports: 2, max_irqs: 1, page size: 1
[ 32.679126 0:2 driver_usb::host::data_structures::host_controllers::xhci:633] [XHCI] ring size 256
[ 32.688493 0:2 driver_usb:80] initializing!
[ 32.693874 0:2 driver_usb::host::data_structures::host_controllers::xhci:110] [XHCI] Reset begin
[ 32.703856 0:2 driver_usb::host::data_structures::host_controllers::xhci:111] [XHCI] Stop
[ 32.713230 0:2 driver_usb::host::data_structures::host_controllers::xhci:116] [XHCI] Until halt
[ 32.723125 0:2 driver_usb::host::data_structures::host_controllers::xhci:118] [XHCI] Halted
[ 32.732673 0:2 driver_usb::host::data_structures::host_controllers::xhci:123] [XHCI] Wait for ready...
[ 32.743176 0:2 driver_usb::host::data_structures::host_controllers::xhci:125] [XHCI] Ready
[ 32.752638 0:2 driver_usb::host::data_structures::host_controllers::xhci:133] [XHCI] Reset HC
[ 32.762359 0:2 driver_usb::host::data_structures::host_controllers::xhci:149] [XHCI] XCHI reset ok
[ 32.772514 0:2 driver_usb::host::data_structures::host_controllers::xhci:155] [XHCI] Setting enabled slots to 16.
[ 32.783972 0:2 driver_usb::host::data_structures::host_controllers::xhci:164] [XHCI] Writing DCBAAP: 9019B000
[ 32.795083 0:2 driver_usb::host::data_structures::host_controllers::xhci:177] [XHCI] Writing CRCR: 901BB880
[ 32.806020 0:2 driver_usb::host::data_structures::host_controllers::xhci:210] [XHCI] Disable interrupts
[ 32.816609 0:2 driver_usb::host::data_structures::host_controllers::xhci:219] [XHCI] Writing ERSTZ
[ 32.826765 0:2 driver_usb::host::data_structures::host_controllers::xhci:223] [XHCI] Writing ERDP: 901BC900
[ 32.837702 0:2 driver_usb::host::data_structures::host_controllers::xhci:230] [XHCI] Writing ERSTBA: 901BC8C0
[ 32.848813 0:2 driver_usb::host::data_structures::host_controllers::xhci:240] [XHCI] Enabling primary interrupter.
[ 32.860357 0:2 driver_usb::host::data_structures::host_controllers::xhci:319] [XHCI] Scratch buf count: 0
[ 32.871119 0:2 driver_usb::host::data_structures::host_controllers::xhci:323] buf count=0,is it a error?
[ 32.881796 0:2 driver_usb::host::data_structures::host_controllers::xhci:192] [XHCI] Start run
[ 32.891605 0:2 driver_usb::host::data_structures::host_controllers::xhci:199] [XHCI] Is running
[ 32.901499 0:2 driver_usb::host::data_structures::host_controllers::xhci:345] [XHCI] Test command ring
[ 32.912003 0:2 driver_usb::host::data_structures::host_controllers::xhci::ring:78] enqueued 0 @0x901BB880
0
0
0
5c01
------------------------------------------------
[ 32.928408 0:2 driver_usb::host::data_structures::host_controllers::xhci::ring:61] [CMD] >> Noop(Noop { cycle_bit: true }) @901BB880
[ 32.941515 0:2 driver_usb::host::data_structures::host_controllers::xhci:380] Wait result
[ 32.950890 0:2 driver_usb::host::data_structures::host_controllers::xhci:405] event: PortStatusChange(PortStatusChange { completion_code: Ok(Success), port_id: 1, cycle_bit: true })
[ 32.968249 0:2 driver_usb::host::data_structures::host_controllers::xhci:391] [CMD] << Success @901BB880 got result, cycle true
[ 32.980922 0:2 driver_usb::host::data_structures::host_controllers::xhci::ring:78] enqueued 1 @0x901BB890
0
0
0
5c01
------------------------------------------------
[ 32.997326 0:2 driver_usb::host::data_structures::host_controllers::xhci::ring:61] [CMD] >> Noop(Noop { cycle_bit: true }) @901BB890
[ 33.010434 0:2 driver_usb::host::data_structures::host_controllers::xhci:380] Wait result
[ 33.019808 0:2 driver_usb::host::data_structures::host_controllers::xhci:391] [CMD] << Success @901BB890 got result, cycle true
[ 33.032481 0:2 driver_usb::host::data_structures::host_controllers::xhci::ring:78] enqueued 2 @0x901BB8A0
0
0
0
5c01
------------------------------------------------
[ 33.048885 0:2 driver_usb::host::data_structures::host_controllers::xhci::ring:61] [CMD] >> Noop(Noop { cycle_bit: true }) @901BB8A0
[ 33.061993 0:2 driver_usb::host::data_structures::host_controllers::xhci:380] Wait result
[ 33.071367 0:2 driver_usb::host::data_structures::host_controllers::xhci:391] [CMD] << Success @901BB8A0 got result, cycle true
[ 33.084040 0:2 driver_usb::host::data_structures::host_controllers::xhci:351] [XHCI] Command ring ok
[ 33.094369 0:2 driver_usb::host::data_structures::host_controllers::xhci:292] [XHCI] Port 0 start reset
[ 33.162800 0:2 driver_usb::host::data_structures::host_controllers::xhci:305] [XHCI] Port 0 reset ok
[ 33.170258 0:2 driver_usb::host::data_structures::host_controllers::xhci:292] [XHCI] Port 1 start reset
[ 33.180853 0:2 driver_usb::host::data_structures::host_controllers::xhci:305] [XHCI] Port 1 reset ok
[ 33.191177 0:2 driver_usb::host:60] controller init complete
[ 33.198035 0:2 driver_usb::usb:52] usb system driver modules load complete!
[ 33.206193 0:2 driver_usb:83] usb system init complete
[ 33.212532 0:2 driver_usb::host::data_structures::host_controllers::xhci:670] [XHCI] Port 0: Enabled: true, Connected: true, Speed 1, Power true
[ 33.226680 0:2 driver_usb::host::data_structures::host_controllers::xhci:670] [XHCI] Port 1: Enabled: false, Connected: false, Speed 0, Power true
[ 33.241001 0:2 driver_usb::host::data_structures::host_controllers::xhci::ring:78] enqueued 3 @0x901BB8B0
0
0
0
2401
------------------------------------------------
[ 33.257405 0:2 driver_usb::host::data_structures::host_controllers::xhci::ring:61] [CMD] >> EnableSlot(EnableSlot { slot_type: 0, cycle_bit: true }) @901BB8B0
[ 33.272769 0:2 driver_usb::host::data_structures::host_controllers::xhci:380] Wait result
[ 33.282144 0:2 driver_usb::host::data_structures::host_controllers::xhci:405] event: PortStatusChange(PortStatusChange { completion_code: Ok(Success), port_id: 1, cycle_bit: true })
[ 33.299504 0:2 driver_usb::host::data_structures::host_controllers::xhci:391] [CMD] << Success @901BB8B0 got result, cycle true
[ 33.312177 0:2 driver_usb::host::data_structures::host_controllers::xhci:826] assigned slot id: 1
[ 33.322398 0:2 driver_usb::host::data_structures::host_controllers::xhci:691] assign complete!
[ 33.332056 0:2 driver_usb::host::data_structures::host_controllers::xhci:441] fetch transfer ring at slot1-dci1
[ 33.343337 0:2 driver_usb::host::data_structures::host_controllers::xhci:441] fetch transfer ring at slot1-dci1
[ 33.354624 0:2 driver_usb::host::data_structures::host_controllers::xhci::ring:78] enqueued 4 @0x901BB8C0
9019f000
0
0
1002c01
------------------------------------------------
[ 33.371894 0:2 driver_usb::host::data_structures::host_controllers::xhci::ring:61] [CMD] >> AddressDevice(AddressDevice { input_context_pointer: 2417618944, block_set_address_request: false, slot_id: 1, cycle_bit: true }) @901BB8C0
[ 33.393595 0:2 driver_usb::host::data_structures::host_controllers::xhci:380] Wait result
[ 33.402969 0:2 driver_usb::host::data_structures::host_controllers::xhci:391] [CMD] << Success @901BB8C0 got result, cycle true
[ 33.415642 0:2 driver_usb::host::data_structures::host_controllers::xhci:895] address slot [1] ok
[ 33.425711 0:2 driver_usb::host::data_structures::host_controllers::xhci:413] slot 1 Addressed
[ 33.435519 0:2 driver_usb::host::data_structures::host_controllers::xhci:422]   ep dci 1: Running
[ 33.445592 0:2 driver_usb::host::data_structures::host_controllers::xhci:899] control_fetch_control_point_packet_size
[ 33.457394 0:2 driver_usb::host::data_structures::host_controllers::xhci:743] SetupStage {
    interrupt_on_completion: false,
    request_type: 128,
    request: 6,
    value: 256,
    index: 0,
    length: 8,
    interrupt_on_completion: false,
    transfer_type: In,
    cycle_bit: false,
}
[ 33.485343 0:2 driver_usb::host::data_structures::host_controllers::xhci:441] fetch transfer ring at slot1-dci1
[ 33.496626 0:2 driver_usb::host::data_structures::host_controllers::xhci::ring:78] enqueued 0 @0x901BD940
1000680
80000
8
30841
------------------------------------------------
[ 33.513986 0:2 driver_usb::host::data_structures::host_controllers::xhci::ring:78] enqueued 1 @0x901BD950
901c2140
0
8
10c01
------------------------------------------------
[ 33.531086 0:2 driver_usb::host::data_structures::host_controllers::xhci::ring:78] enqueued 2 @0x901BD960
0
0
0
1021
------------------------------------------------
[ 33.547492 0:2 driver_usb::host::data_structures::host_controllers::xhci:772] [Transfer] >> setup@0x901BD940, data@0x901BD950, status@0x901BD960
[ 33.561640 0:2 driver_usb::host::data_structures::host_controllers::xhci:456] Wait result @0x901BD960
[ 33.572057 0:2 driver_usb::host::data_structures::host_controllers::xhci:465] [Transfer] << Success @0x901BD960 got result1, cycle true, len 0
[ 33.586030 0:2 driver_usb::host::data_structures::host_controllers::xhci:478] code:Success,pointer:901bd960
[ 33.596969 0:2 driver_usb::host::data_structures::host_controllers::xhci:919] got [18, 1, 0, 2, 0, 0, 0, 8]
[ 33.607905 0:2 driver_usb::host::data_structures::host_controllers::xhci:697] packet_size0: 8
[ 33.617625 0:2 driver_usb::host::data_structures::host_controllers::xhci:933] CMD: evaluating context for set endpoint0 packet size 8
[ 33.630819 0:2 driver_usb::host::data_structures::host_controllers::xhci::ring:78] enqueued 5 @0x901BB8D0
9019f000
0
0
1003401
------------------------------------------------
[ 33.648092 0:2 driver_usb::host::data_structures::host_controllers::xhci::ring:61] [CMD] >> EvaluateContext(EvaluateContext { input_context_pointer: 2417618944, slot_id: 1, cycle_bit: true }) @901BB8D0
[ 33.667188 0:2 driver_usb::host::data_structures::host_controllers::xhci:380] Wait result
[ 33.676563 0:2 driver_usb::host::data_structures::host_controllers::xhci:391] [CMD] << Success @901BB8D0 got result, cycle true
[ 33.689514 0:2 driver_usb::host::data_structures::host_controllers::xhci:743] SetupStage {
    interrupt_on_completion: false,
    request_type: 128,
    request: 6,
    value: 256,
    index: 0,
    length: 4096,
    interrupt_on_completion: false,
    transfer_type: In,
    cycle_bit: false,
}
[ 33.717445 0:2 driver_usb::host::data_structures::host_controllers::xhci:441] fetch transfer ring at slot1-dci1
[ 33.728729 0:2 driver_usb::host::data_structures::host_controllers::xhci::ring:78] enqueued 3 @0x901BD970
1000680
10000000
8
30841
------------------------------------------------
[ 33.746350 0:2 driver_usb::host::data_structures::host_controllers::xhci::ring:78] enqueued 4 @0x901BD980
901c3000
0
1000
10c01
------------------------------------------------
[ 33.763709 0:2 driver_usb::host::data_structures::host_controllers::xhci::ring:78] enqueued 5 @0x901BD990
0
0
0
1021
------------------------------------------------
[ 33.780115 0:2 driver_usb::host::data_structures::host_controllers::xhci:772] [Transfer] >> setup@0x901BD970, data@0x901BD980, status@0x901BD990
[ 33.794263 0:2 driver_usb::host::data_structures::host_controllers::xhci:456] Wait result @0x901BD990
[ 33.804680 0:2 driver_usb::host::data_structures::host_controllers::xhci:465] [Transfer] << Success @0x901BD990 got result1, cycle true, len 0
[ 33.818654 0:2 driver_usb::host::data_structures::host_controllers::xhci:478] code:Success,pointer:901bd990
[ 33.829591 0:2 driver_usb::usb::descriptors:164] parse root desc!
[ 33.836883 0:2 driver_usb::usb::descriptors:380] peeked type:Some(Device)
[ 33.844868 0:2 driver_usb::usb::descriptors:204] parse single device desc!
[ 33.853219 0:2 driver_usb::host::data_structures::host_controllers::xhci:743] SetupStage {
    interrupt_on_completion: false,
    request_type: 128,
    request: 6,
    value: 512,
    index: 0,
    length: 4096,
    interrupt_on_completion: false,
    transfer_type: In,
    cycle_bit: false,
}
[ 33.881150 0:2 driver_usb::host::data_structures::host_controllers::xhci:441] fetch transfer ring at slot1-dci1
[ 33.892434 0:2 driver_usb::host::data_structures::host_controllers::xhci::ring:78] enqueued 6 @0x901BD9A0
2000680
10000000
8
30841
------------------------------------------------
[ 33.910055 0:2 driver_usb::host::data_structures::host_controllers::xhci::ring:78] enqueued 7 @0x901BD9B0
901c3000
0
1000
10c01
------------------------------------------------
[ 33.927414 0:2 driver_usb::host::data_structures::host_controllers::xhci::ring:78] enqueued 8 @0x901BD9C0
0
0
0
1021
------------------------------------------------
[ 33.943820 0:2 driver_usb::host::data_structures::host_controllers::xhci:772] [Transfer] >> setup@0x901BD9A0, data@0x901BD9B0, status@0x901BD9C0
[ 33.957968 0:2 driver_usb::host::data_structures::host_controllers::xhci:456] Wait result @0x901BD9C0
[ 33.968385 0:2 driver_usb::host::data_structures::host_controllers::xhci:465] [Transfer] << Success @0x901BD9C0 got result1, cycle true, len 0
[ 33.982359 0:2 driver_usb::host::data_structures::host_controllers::xhci:478] code:Success,pointer:901bd9c0
[ 33.993296 0:2 driver_usb::usb::descriptors:244] parse config desc!
[ 34.000762 0:2 driver_usb::usb::descriptors:258] num of interfaces:2
[ 34.008313 0:2 driver_usb::usb::descriptors:276] parse function desc!
[ 34.015950 0:2 driver_usb::usb::descriptors:380] peeked type:Some(Interface)
[ 34.024196 0:2 driver_usb::usb::descriptors:280] parse single interface desc!
[ 34.032530 0:2 driver_usb::usb::descriptors:385] peek at 9,value:9
[ 34.039907 0:2 driver_usb::usb::descriptors:380] peeked type:Some(Interface)
[ 34.048155 0:2 driver_usb::usb::descriptors:385] peek at 9,value:9
[ 34.055531 0:2 driver_usb::usb::descriptors:380] peeked type:Some(Interface)
[ 34.063779 0:2 driver_usb::usb::descriptors:289] peeked Interface {
    len: 4,
    descriptor_type: 0,
    interface_number: 0,
    alternate_setting: 1,
    num_endpoints: 3,
    interface_class: 1,
    interface_subclass: 2,
    interface_protocol: 0,
    interface: 9,
},compare with Interface {
    len: 4,
    descriptor_type: 0,
    interface_number: 0,
    alternate_setting: 1,
    num_endpoints: 3,
    interface_class: 1,
    interface_subclass: 2,
    interface_protocol: 0,
    interface: 9,
}
[ 34.111083 0:2 driver_usb::usb::descriptors:290] loop for interface desc!
[ 34.119069 0:2 driver_usb::usb::descriptors:360] parse interfaces
[ 34.126360 0:2 driver_usb::usb::descriptors:380] peeked type:Some(Interface)
[ 34.134606 0:2 driver_usb::usb::descriptors:196] parse any desc! type:Some(Interface)
[ 34.143636 0:2 driver_usb::usb::descriptors:292] got interface Interface { len: 9, descriptor_type: 4, interface_number: 0, alternate_setting: 0, num_endpoints: 1, interface_class: 3, interface_subclass: 1, interface_protocol: 2, interface: 0 }
[ 34.166461 0:2 driver_usb::usb::descriptors:334] parse additional data for interface
[ 34.175402 0:2 driver_usb::usb::descriptors:380] peeked type:Some(Hid)
[ 34.183127 0:2 driver_usb::usb::descriptors:380] peeked type:Some(Hid)
[ 34.190852 0:2 driver_usb::usb::descriptors:196] parse any desc! type:Some(Hid)
[ 34.199362 0:2 driver_usb::usb::descriptors:380] peeked type:Some(Endpoint)
[ 34.207518 0:2 driver_usb::usb::descriptors:348] parse enedpoints
[ 34.214809 0:2 driver_usb::usb::descriptors:380] peeked type:Some(Endpoint)
[ 34.222968 0:2 driver_usb::usb::descriptors:380] peeked type:Some(Endpoint)
[ 34.231128 0:2 driver_usb::usb::descriptors:196] parse any desc! type:Some(Endpoint)
[ 34.240071 0:2 driver_usb::usb::descriptors:380] peeked type:Some(Interface)
[ 34.248315 0:2 driver_usb::usb::descriptors:385] peek at 34,value:9
[ 34.255779 0:2 driver_usb::usb::descriptors:380] peeked type:Some(Interface)
[ 34.264026 0:2 driver_usb::usb::descriptors:289] peeked Interface {
    len: 4,
    descriptor_type: 1,
    interface_number: 0,
    alternate_setting: 1,
    num_endpoints: 3,
    interface_class: 0,
    interface_subclass: 0,
    interface_protocol: 0,
    interface: 9,
},compare with Interface {
    len: 4,
    descriptor_type: 0,
    interface_number: 0,
    alternate_setting: 1,
    num_endpoints: 3,
    interface_class: 1,
    interface_subclass: 2,
    interface_protocol: 0,
    interface: 9,
}
[ 34.311331 0:2 driver_usb::usb::descriptors:290] loop for interface desc!
[ 34.319316 0:2 driver_usb::usb::descriptors:360] parse interfaces
[ 34.326608 0:2 driver_usb::usb::descriptors:380] peeked type:Some(Interface)
[ 34.334853 0:2 driver_usb::usb::descriptors:196] parse any desc! type:Some(Interface)
[ 34.343882 0:2 driver_usb::usb::descriptors:292] got interface Interface { len: 9, descriptor_type: 4, interface_number: 1, alternate_setting: 0, num_endpoints: 1, interface_class: 3, interface_subclass: 0, interface_protocol: 0, interface: 0 }
[ 34.366709 0:2 driver_usb::usb::descriptors:334] parse additional data for interface
[ 34.375650 0:2 driver_usb::usb::descriptors:380] peeked type:Some(Hid)
[ 34.383375 0:2 driver_usb::usb::descriptors:380] peeked type:Some(Hid)
[ 34.391100 0:2 driver_usb::usb::descriptors:196] parse any desc! type:Some(Hid)
[ 34.399608 0:2 driver_usb::usb::descriptors:380] peeked type:Some(Endpoint)
[ 34.407765 0:2 driver_usb::usb::descriptors:348] parse enedpoints
[ 34.415057 0:2 driver_usb::usb::descriptors:380] peeked type:Some(Endpoint)
[ 34.423216 0:2 driver_usb::usb::descriptors:380] peeked type:Some(Endpoint)
[ 34.431375 0:2 driver_usb::usb::descriptors:196] parse any desc! type:Some(Endpoint)
[ 34.440317 0:2 driver_usb::usb::descriptors:380] peeked type:None
[ 34.447607 0:2 driver_usb::usb::descriptors:385] peek at 59,value:0
[ 34.455072 0:2 driver_usb::usb::descriptors:380] peeked type:None
[ 34.462363 0:2 driver_usb::usb::descriptors:276] parse function desc!
[ 34.470001 0:2 driver_usb::usb::descriptors:380] peeked type:None
[ 34.477295 0:2 driver_usb:209] parsed descriptor:Inited(
    TopologicalUSBDescriptorRoot {
        device: [
            TopologicalUSBDescriptorDevice {
                data: Device {
                    len: 18,
                    descriptor_type: 1,
                    cd_usb: 512,
                    class: 0,
                    subclass: 0,
                    protocol: 0,
                    max_packet_size0: 8,
                    vendor: 1133,
                    product_id: 50479,
                    device: 12288,
                    manufacture: 1,
                    product: 2,
                    serial_number: 0,
                    num_configurations: 1,
                },
                child: [
                    TopologicalUSBDescriptorConfiguration {
                        data: Configuration {
                            length: 9,
                            ty: 2,
                            total_length: 59,
                            num_interfaces: 2,
                            config_val: 1,
                            config_string: 4,
                            attributes: 160,
                            max_power: 49,
                        },
                        child: [
                            Interface(
                                [
                                    (
                                        Interface {
                                            len: 9,
                                            descriptor_type: 4,
                                            interface_number: 0,
                                            alternate_setting: 0,
                                            num_endpoints: 1,
                                            interface_class: 3,
                                            interface_subclass: 1,
                                            interface_protocol: 2,
                                            interface: 0,
                                        },
                                        [
                                            Hid(
                                                Hid {
                                                    len: 9,
                                                    descriptor_type: 33,
                                                    hid_bcd: 273,
                                                    country_code: 0,
                                                    num_descriptions: 1,
                                                    report_descriptor_type: 34,
                                                    report_descriptor_len: 67,
                                                },
                                            ),
                                        ],
                                        [
                                            Endpoint {
                                                len: 7,
                                                descriptor_type: 5,
                                                endpoint_address: 129,
                                                attributes: 3,
                                                max_packet_size: 8,
                                                interval: 2,
                                                ssc: Some(
                                                    SuperSpeedCmp {
                                                        kind: 0,
                                                        max_burst: 0,
                                                        attributes: 0,
                                                        bytes_per_interval: 0,
                                                    },
                                                ),
                                            },
                                        ],
                                    ),
                                    (
                                        Interface {
                                            len: 9,
                                            descriptor_type: 4,
                                            interface_number: 1,
                                            alternate_setting: 0,
                                            num_endpoints: 1,
                                            interface_class: 3,
                                            interface_subclass: 0,
                                            interface_protocol: 0,
                                            interface: 0,
                                        },
                                        [
                                            Hid(
                                                Hid {
                                                    len: 9,
                                                    descriptor_type: 33,
                                                    hid_bcd: 273,
                                                    country_code: 0,
                                                    num_descriptions: 1,
                                                    report_descriptor_type: 34,
                                                    report_descriptor_len: 79,
                                                },
                                            ),
                                        ],
                                        [
                                            Endpoint {
                                                len: 7,
                                                descriptor_type: 5,
                                                endpoint_address: 130,
                                                attributes: 3,
                                                max_packet_size: 20,
                                                interval: 2,
                                                ssc: Some(
                                                    SuperSpeedCmp {
                                                        kind: 0,
                                                        max_burst: 0,
                                                        attributes: 0,
                                                        bytes_per_interval: 0,
                                                    },
                                                ),
                                            },
                                        ],
                                    ),
                                ],
                            ),
                        ],
                    },
                ],
            },
        ],
        others: [],
    },
)
[ 35.074478 0:2 driver_usb::host::data_structures::host_controllers::xhci:441] fetch transfer ring at slot1-dci3
[ 35.085761 0:2 driver_usb::host::data_structures::host_controllers::xhci:537] init ep 3 InterruptIn
[ 35.096004 0:2 driver_usb::host::data_structures::host_controllers::xhci::ring:78] enqueued 6 @0x901BB8E0
9019f000
0
0
1003001
------------------------------------------------
[ 35.113276 0:2 driver_usb::host::data_structures::host_controllers::xhci::ring:61] [CMD] >> ConfigureEndpoint(ConfigureEndpoint { input_context_pointer: 2417618944, deconfigure: false, slot_id: 1, cycle_bit: true }) @901BB8E0
[ 35.134456 0:2 driver_usb::host::data_structures::host_controllers::xhci:380] Wait result
[ 35.143830 0:2 driver_usb::host::data_structures::host_controllers::xhci:391] [CMD] << Success @901BB8E0 got result, cycle true
[ 35.156504 0:2 driver_usb::host::data_structures::host_controllers::xhci:413] slot 1 Configured
[ 35.166398 0:2 driver_usb::host::data_structures::host_controllers::xhci:422]   ep dci 1: Running
[ 35.176467 0:2 driver_usb::host::data_structures::host_controllers::xhci:422]   ep dci 3: Running
[ 35.186540 0:2 driver_usb:98] device probe complete
[ 35.192616 0:2 driver_usb::usb::universal_drivers::hid_drivers::hid_mouse:114] hid mouse preparing for drive!
[ 35.203727 0:2 driver_usb::usb:70] current driver managed device num: 1
[ 35.211534 0:2 driver_usb:109] posting 0th urb of 0th list
[ 35.218218 0:2 driver_usb::host:99] request transfer!
[ 35.224467 0:2 driver_usb::host::data_structures::host_controllers::xhci:743] SetupStage {
    interrupt_on_completion: false,
    request_type: 0,
    request: 9,
    value: 1,
    index: 0,
    length: 0,
    interrupt_on_completion: false,
    transfer_type: No,
    cycle_bit: false,
}
[ 35.252069 0:2 driver_usb::host::data_structures::host_controllers::xhci:441] fetch transfer ring at slot1-dci1
[ 35.263353 0:2 driver_usb::host::data_structures::host_controllers::xhci::ring:78] enqueued 9 @0x901BD9D0
10900
0
8
841
------------------------------------------------
[ 35.280019 0:2 driver_usb::host::data_structures::host_controllers::xhci::ring:78] enqueued 10 @0x901BD9E0
0
0
0
1021
------------------------------------------------
[ 35.296511 0:2 driver_usb::host::data_structures::host_controllers::xhci:766] [Transfer] >> setup@0x901BD9D0, status@0x901BD9E0
[ 35.309184 0:2 driver_usb::host::data_structures::host_controllers::xhci:456] Wait result @0x901BD9E0
[ 35.319601 0:2 driver_usb::host::data_structures::host_controllers::xhci:465] [Transfer] << Success @0x901BD9E0 got result1, cycle true, len 0
[ 35.333574 0:2 driver_usb::host::data_structures::host_controllers::xhci:478] code:Success,pointer:901bd9e0
[ 35.344511 0:2 driver_usb:109] posting 1th urb of 0th list
[ 35.351195 0:2 driver_usb::host:99] request transfer!
[ 35.357444 0:2 driver_usb::host::data_structures::host_controllers::xhci:743] SetupStage {
    interrupt_on_completion: false,
    request_type: 1,
    request: 11,
    value: 0,
    index: 0,
    length: 0,
    interrupt_on_completion: false,
    transfer_type: No,
    cycle_bit: false,
}
[ 35.385134 0:2 driver_usb::host::data_structures::host_controllers::xhci:441] fetch transfer ring at slot1-dci1
[ 35.396417 0:2 driver_usb::host::data_structures::host_controllers::xhci::ring:78] enqueued 11 @0x901BD9F0
b01
0
8
841
------------------------------------------------
[ 35.412996 0:2 driver_usb::host::data_structures::host_controllers::xhci::ring:78] enqueued 12 @0x901BDA00
0
0
0
1021
------------------------------------------------
[ 35.429488 0:2 driver_usb::host::data_structures::host_controllers::xhci:766] [Transfer] >> setup@0x901BD9F0, status@0x901BDA00
[ 35.442161 0:2 driver_usb::host::data_structures::host_controllers::xhci:456] Wait result @0x901BDA00
[ 35.452578 0:2 driver_usb::host::data_structures::host_controllers::xhci:465] [Transfer] << Success @0x901BDA00 got result1, cycle true, len 0
[ 35.466552 0:2 driver_usb::host::data_structures::host_controllers::xhci:478] code:Success,pointer:901bda00
[ 35.477489 0:2 driver_usb:109] posting 2th urb of 0th list
[ 35.484172 0:2 driver_usb::host:99] request transfer!
[ 35.490422 0:2 driver_usb::host::data_structures::host_controllers::xhci:743] SetupStage {
    interrupt_on_completion: false,
    request_type: 33,
    request: 11,
    value: 0,
    index: 1,
    length: 0,
    interrupt_on_completion: false,
    transfer_type: No,
    cycle_bit: false,
}
[ 35.518198 0:2 driver_usb::host::data_structures::host_controllers::xhci:441] fetch transfer ring at slot1-dci1
[ 35.529482 0:2 driver_usb::host::data_structures::host_controllers::xhci::ring:78] enqueued 13 @0x901BDA10
b21
1
8
841
------------------------------------------------
[ 35.546061 0:2 driver_usb::host::data_structures::host_controllers::xhci::ring:78] enqueued 14 @0x901BDA20
0
0
0
1021
------------------------------------------------
[ 35.562553 0:2 driver_usb::host::data_structures::host_controllers::xhci:766] [Transfer] >> setup@0x901BDA10, status@0x901BDA20
[ 35.575226 0:2 driver_usb::host::data_structures::host_controllers::xhci:456] Wait result @0x901BDA20
[ 35.585643 0:2 driver_usb::host::data_structures::host_controllers::xhci:465] [Transfer] << Success @0x901BDA20 got result1, cycle true, len 0
[ 35.599616 0:2 driver_usb::host::data_structures::host_controllers::xhci:478] code:Success,pointer:901bda20
[ 35.610631 0:2 axtask::run_queue:86] task exit: Task(2, "main"), exit_code=0
[ 35.618800 0:2 axhal::platform::aarch64_phytium_pi::misc:22] Shutting down...
